{
  "timestamp": 1753465250.8997052,
  "execution_time": 3.6906778812408447,
  "success_rate": 75.0,
  "statistics": {
    "total_tests": 8,
    "passed_tests": 6,
    "failed_tests": 2,
    "skipped_tests": 0,
    "execution_time": 3.6906778812408447
  },
  "test_results": {
    "é›¶å®¹å¿æ ¸å¿ƒæµ‹è¯•": {
      "name": "é›¶å®¹å¿æ ¸å¿ƒæµ‹è¯•",
      "passed": true,
      "output": "",
      "error": "2025-07-26 01:40:47,228 - INFO - ğŸš€ å¼€å§‹é›¶å®¹å¿æµ‹è¯•å¥—ä»¶ (ä¿®å¤ç‰ˆ)...\n2025-07-26 01:40:47,229 - INFO - ğŸ§ª æ‰§è¡Œæµ‹è¯•: ä¸»çª—å£åˆ›å»ºæµ‹è¯• (ä¼˜åŒ–ç‰ˆ)\nqt.qpa.fonts: Populating font family aliases took 73 ms. Replace uses of missing font family \"Sans Serif\" with one that exists to avoid this cost. \n2025-07-26 01:40:47,708 - INFO - é…ç½®æ–‡ä»¶åŠ è½½æˆåŠŸ: config/config.json\n2025-07-26 01:40:47,724 - INFO - é…ç½®ç®¡ç†å™¨åˆå§‹åŒ–æˆåŠŸ: ConfigManager\n2025-07-26 01:40:47,724 - INFO - ApplicationCore initialized\n2025-07-26 01:40:47,724 - INFO - ErrorRecoveryManager initialized\n2025-07-26 01:40:47,724 - INFO - ErrorRecoveryManager integration successful\n2025-07-26 01:40:47,724 - INFO - Category handler registered for: system\n2025-07-26 01:40:47,724 - INFO - Category handler registered for: application\n2025-07-26 01:40:47,724 - INFO - Category handler registered for: ui\n2025-07-26 01:40:47,724 - INFO - Category handler registered for: data\n2025-07-26 01:40:47,724 - INFO - Category handler registered for: network\n2025-07-26 01:40:47,724 - INFO - Category handler registered for: file\n2025-07-26 01:40:47,724 - INFO - Category handler registered for: security\n2025-07-26 01:40:47,724 - INFO - Category handler registered for: performance\n2025-07-26 01:40:47,724 - INFO - Category handler registered for: validation\n2025-07-26 01:40:47,724 - INFO - Category handler registered for: business\n2025-07-26 01:40:47,724 - INFO - ErrorHandler initialized\n2025-07-26 01:40:47,729 - INFO - âœ… ä¸»çª—å£åˆ›å»ºæµ‹è¯• (ä¼˜åŒ–ç‰ˆ) - é€šè¿‡\n2025-07-26 01:40:47,729 - INFO - ğŸ§ª æ‰§è¡Œæµ‹è¯•: MVVMæ¶æ„æµ‹è¯• (ä¿®å¤ç‰ˆ)\n2025-07-26 01:40:47,731 - INFO - âœ… MVVMæ¶æ„æµ‹è¯• (ä¿®å¤ç‰ˆ) - é€šè¿‡\n2025-07-26 01:40:47,731 - INFO - ğŸ§ª æ‰§è¡Œæµ‹è¯•: DXFè§£æå™¨æµ‹è¯• (å«æµ‹è¯•æ•°æ®)\n2025-07-26 01:40:47,732 - INFO - å¼€å§‹è§£æDXFæ–‡ä»¶: /Users/vsiyo/Desktop/AIDCIS3-LFS/assets/dxf/DXF Graph/æµ‹è¯•ç®¡æ¿.dxf\n2025-07-26 01:40:47,732 - INFO - æ–‡ä»¶å¤§å°: 17683 å­—èŠ‚\n2025-07-26 01:40:47,740 - INFO - DXFç‰ˆæœ¬: AC1024\n2025-07-26 01:40:47,740 - INFO - å®ä½“æ€»æ•°: 19\n2025-07-26 01:40:47,740 - INFO - å¼§å½¢å®ä½“æ•°é‡: 19\n2025-07-26 01:40:47,740 - INFO - è¯†åˆ«åˆ°ç®¡å­”æ•°é‡: 9\n2025-07-26 01:40:47,740 - INFO - å‡ ä½•ä¸­å¿ƒå·²ä¿å­˜: (200.00, 200.00)\n2025-07-26 01:40:47,740 - INFO - DXFè§£æå®Œæˆï¼Œå…±è§£æå‡º 9 ä¸ªç®¡å­”ï¼ˆè€—æ—¶0.008ç§’ï¼‰\n2025-07-26 01:40:47,740 - INFO - âœ… DXFè§£æå™¨æµ‹è¯• (å«æµ‹è¯•æ•°æ®) - é€šè¿‡\n2025-07-26 01:40:47,740 - INFO - ğŸ§ª æ‰§è¡Œæµ‹è¯•: æœåŠ¡å±‚é›†æˆæµ‹è¯•\n2025-07-26 01:40:47,873 - INFO - âœ… æœåŠ¡å±‚é›†æˆæµ‹è¯• - é€šè¿‡\n2025-07-26 01:40:47,873 - INFO - ğŸ§ª æ‰§è¡Œæµ‹è¯•: æ€§èƒ½åŸºå‡†æµ‹è¯•\n2025-07-26 01:40:47,901 - INFO - âœ… æ€§èƒ½åŸºå‡†æµ‹è¯• - é€šè¿‡\n2025-07-26 01:40:47,901 - INFO - ğŸ“Š ç”Ÿæˆæµ‹è¯•æŠ¥å‘Š...\n2025-07-26 01:40:47,901 - INFO - ğŸ“„ æµ‹è¯•æŠ¥å‘Šå·²ä¿å­˜: /Users/vsiyo/Desktop/AIDCIS3-LFS/ZERO_TOLERANCE_TEST_REPORT_FIXED.md\n2025-07-26 01:40:47,901 - INFO - ğŸ¯ æµ‹è¯•å®Œæˆ: 5/5 é€šè¿‡\n2025-07-26 01:40:47,901 - INFO - ğŸ‰ æ‰€æœ‰æµ‹è¯•é€šè¿‡ï¼\n",
      "execution_time": 0.7350811958312988,
      "test_count": 0,
      "passed_count": 0,
      "failed_count": 0
    },
    "UIè‡ªåŠ¨åŒ–æµ‹è¯•": {
      "name": "UIè‡ªåŠ¨åŒ–æµ‹è¯•",
      "passed": false,
      "output": "============================= test session starts ==============================\nplatform darwin -- Python 3.9.6, pytest-8.3.5, pluggy-1.5.0 -- /Library/Developer/CommandLineTools/usr/bin/python3\ncachedir: .pytest_cache\nrootdir: /Users/vsiyo/Desktop/AIDCIS3-LFS\nconfigfile: pytest.ini\nplugins: anyio-4.9.0, Faker-37.1.0, cov-6.2.1, mock-3.14.1, ordering-0.6, asyncio-1.0.0\nasyncio: mode=strict, asyncio_default_fixture_loop_scope=None, asyncio_default_test_loop_scope=function\ncollecting ... collected 8 items\n\ntests/playwright/test_comprehensive_ui_automation.py::TestMainWindowUIAutomation::test_main_window_ui_elements PASSED [ 12%]\ntests/playwright/test_comprehensive_ui_automation.py::TestMainWindowUIAutomation::test_window_resize_functionality FAILED [ 25%]\ntests/playwright/test_comprehensive_ui_automation.py::TestMainWindowUIAutomation::test_component_loading_sequence PASSED [ 37%]\ntests/playwright/test_comprehensive_ui_automation.py::TestDXFLoadingUIFlow::test_dxf_loading_ui_workflow PASSED [ 50%]\ntests/playwright/test_comprehensive_ui_automation.py::TestDXFLoadingUIFlow::test_dxf_loading_error_handling FAILED [ 62%]\ntests/playwright/test_comprehensive_ui_automation.py::TestUIPerformance::test_window_startup_performance PASSED [ 75%]\ntests/playwright/test_comprehensive_ui_automation.py::TestUIPerformance::test_memory_usage_under_load PASSED [ 87%]\ntests/playwright/test_comprehensive_ui_automation.py::TestUIIntegrationFlow::test_complete_user_workflow PASSED [100%]\n\n=================================== FAILURES ===================================\n_________ TestMainWindowUIAutomation.test_window_resize_functionality __________\ntests/playwright/test_comprehensive_ui_automation.py:114: in test_window_resize_functionality\n    assert abs(current_size.width() - width) <= 20, f\"å®½åº¦è®¾ç½®å¤±è´¥: æœŸæœ›{width}, å®é™…{current_size.width()}\"\nE   AssertionError: å®½åº¦è®¾ç½®å¤±è´¥: æœŸæœ›800, å®é™…1200\nE   assert 400 <= 20\nE    +  where 400 = abs((1200 - 800))\nE    +    where 1200 = <built-in method width of PySide6.QtCore.QSize object at 0x137afb380>()\nE    +      where <built-in method width of PySide6.QtCore.QSize object at 0x137afb380> = PySide6.QtCore.QSize(1200, 800).width\n_____________ TestDXFLoadingUIFlow.test_dxf_loading_error_handling _____________\ntests/playwright/test_comprehensive_ui_automation.py:227: in test_dxf_loading_error_handling\n    assert result is False, \"ä¸å­˜åœ¨çš„æ–‡ä»¶åº”è¯¥è¿”å›å¤±è´¥\"\nE   AssertionError: ä¸å­˜åœ¨çš„æ–‡ä»¶åº”è¯¥è¿”å›å¤±è´¥\nE   assert True is False\n------------------------------ Captured log call -------------------------------\nERROR    src.controllers.services.file_service:file_service.py:117 Failed to load DXF file: [BusinessController] File does not exist: /path/to/nonexistent/file.dxf\nERROR    src.controllers.main_business_controller:main_business_controller.py:141 Failed to load DXF file: [BusinessController] Failed to load DXF file: [BusinessController] File does not exist: /path/to/nonexistent/file.dxf\n=========================== short test summary info ============================\nFAILED tests/playwright/test_comprehensive_ui_automation.py::TestMainWindowUIAutomation::test_window_resize_functionality\nFAILED tests/playwright/test_comprehensive_ui_automation.py::TestDXFLoadingUIFlow::test_dxf_loading_error_handling\n==================== 2 failed, 6 passed, 1 warning in 2.52s ====================\n",
      "error": "/Users/vsiyo/Library/Python/3.9/lib/python/site-packages/pytest_asyncio/plugin.py:208: PytestDeprecationWarning: The configuration option \"asyncio_default_fixture_loop_scope\" is unset.\nThe event loop scope for asynchronous fixtures will default to the fixture caching scope. Future versions of pytest-asyncio will default the loop scope for asynchronous fixtures to function scope. Set the default fixture loop scope explicitly in order to avoid unexpected behavior in the future. Valid fixture loop scopes are: \"function\", \"class\", \"module\", \"package\", \"session\"\n\n  warnings.warn(PytestDeprecationWarning(_DEFAULT_FIXTURE_LOOP_SCOPE_UNSET))\n",
      "execution_time": 2.9545669555664062,
      "test_count": 8,
      "passed_count": 6,
      "failed_count": 2
    }
  }
}